2026-01-26T19:24:40 | touched: LICENSE
2025-01-08T01:22:02 | touched: Cargo.toml
2026-01-08T05:52:15 | touched: src/main.rs
2025-01-02T05:58:39 | touched: README.md
2026-01-04T18:14:20 | touched: src/lib.rs
2026-01-27T18:10:17 | touched: Cargo.toml
2026-01-17T10:19:10 | touched: src/main.rs
2026-01-22T22:33:43 | touched: README.md
2025-01-22T10:41:14 | touched: src/lib.rs
2025-10-15T22:57:12 | touched: LICENSE
2025-04-28T07:09:02 | touched: src/main.rs
2026-01-22T22:44:35 | touched: README.md
2025-04-09T08:32:45 | touched: Cargo.toml
2025-03-12T22:28:44 | touched: src/lib.rs
2025-01-30T22:44:25 | touched: README.md
2026-01-15T11:43:22 | touched: LICENSE
2025-06-13T19:25:37 | touched: src/lib.rs
2026-01-13T01:12:50 | touched: src/main.rs
2024-07-21T11:36:12 | touched: src/lib.rs
2025-12-16T04:32:04 | touched: src/lib.rs
2024-07-07T21:54:43 | touched: src/lib.rs
2025-10-12T17:22:21 | touched: Cargo.toml
